{"contracts\\CDPView.sol":{"l":{"52":3,"53":3,"65":1,"66":1,"67":1,"70":1,"71":1,"72":1,"76":1,"79":1,"80":1,"83":1,"92":1,"103":1,"104":1,"112":1,"120":1},"path":"C:\\Users\\aleks\\Documents\\Coding\\Blockchain\\decenter-solidity-challenge\\contracts\\CDPView.sol","s":{"1":3,"2":3,"3":1,"4":1,"5":1,"6":1,"7":1,"8":1,"9":1,"10":1,"11":1,"12":1,"13":1,"14":1,"15":1,"16":1,"17":1},"b":{},"f":{"1":3,"2":1,"3":1,"4":1,"5":1},"fnMap":{"1":{"name":"constructor","line":51,"loc":{"start":{"line":51,"column":4},"end":{"line":54,"column":4}}},"2":{"name":"getCdpInfo","line":61,"loc":{"start":{"line":61,"column":4},"end":{"line":93,"column":4}}},"3":{"name":"_getProxyOwner","line":100,"loc":{"start":{"line":100,"column":4},"end":{"line":105,"column":4}}},"4":{"name":"getCdpManager","line":111,"loc":{"start":{"line":111,"column":4},"end":{"line":113,"column":4}}},"5":{"name":"getVat","line":119,"loc":{"start":{"line":119,"column":4},"end":{"line":121,"column":4}}}},"statementMap":{"1":{"start":{"line":52,"column":8},"end":{"line":52,"column":46}},"2":{"start":{"line":53,"column":8},"end":{"line":53,"column":25}},"3":{"start":{"line":65,"column":8},"end":{"line":65,"column":45}},"4":{"start":{"line":66,"column":8},"end":{"line":66,"column":47}},"5":{"start":{"line":67,"column":8},"end":{"line":67,"column":45}},"6":{"start":{"line":70,"column":8},"end":{"line":70,"column":37}},"7":{"start":{"line":71,"column":8},"end":{"line":71,"column":2066}},"8":{"start":{"line":72,"column":12},"end":{"line":72,"column":26}},"9":{"start":{"line":76,"column":8},"end":{"line":76,"column":63}},"10":{"start":{"line":79,"column":8},"end":{"line":79,"column":46}},"11":{"start":{"line":80,"column":8},"end":{"line":80,"column":47}},"12":{"start":{"line":83,"column":8},"end":{"line":83,"column":2543}},"13":{"start":{"line":92,"column":8},"end":{"line":92,"column":19}},"14":{"start":{"line":103,"column":8},"end":{"line":103,"column":38}},"15":{"start":{"line":104,"column":8},"end":{"line":104,"column":31}},"16":{"start":{"line":112,"column":8},"end":{"line":112,"column":34}},"17":{"start":{"line":120,"column":8},"end":{"line":120,"column":27}}},"branchMap":{}},"contracts\\DSMath.sol":{"l":{"8":1,"12":0,"16":1,"20":0,"24":0,"28":0,"32":0,"39":0,"43":1,"47":0,"51":0,"55":0,"57":0,"58":0,"60":0,"61":0},"path":"C:\\Users\\aleks\\Documents\\Coding\\Blockchain\\decenter-solidity-challenge\\contracts\\DSMath.sol","s":{"1":1,"2":0,"3":1,"4":0,"5":0,"6":0,"7":0,"8":0,"9":1,"10":0,"11":0,"12":0,"13":0,"14":0,"15":0,"16":0},"b":{"1":[1,0],"2":[0,0],"3":[1,0],"4":[0,0]},"f":{"1":1,"2":0,"3":1,"4":0,"5":0,"6":0,"7":0,"8":0,"9":1,"10":0,"11":0,"12":0},"fnMap":{"1":{"name":"add","line":7,"loc":{"start":{"line":7,"column":4},"end":{"line":9,"column":4}}},"2":{"name":"sub","line":11,"loc":{"start":{"line":11,"column":4},"end":{"line":13,"column":4}}},"3":{"name":"mul","line":15,"loc":{"start":{"line":15,"column":4},"end":{"line":17,"column":4}}},"4":{"name":"min","line":19,"loc":{"start":{"line":19,"column":4},"end":{"line":21,"column":4}}},"5":{"name":"max","line":23,"loc":{"start":{"line":23,"column":4},"end":{"line":25,"column":4}}},"6":{"name":"imin","line":27,"loc":{"start":{"line":27,"column":4},"end":{"line":29,"column":4}}},"7":{"name":"imax","line":31,"loc":{"start":{"line":31,"column":4},"end":{"line":33,"column":4}}},"8":{"name":"wmul","line":38,"loc":{"start":{"line":38,"column":4},"end":{"line":40,"column":4}}},"9":{"name":"rmul","line":42,"loc":{"start":{"line":42,"column":4},"end":{"line":44,"column":4}}},"10":{"name":"wdiv","line":46,"loc":{"start":{"line":46,"column":4},"end":{"line":48,"column":4}}},"11":{"name":"rdiv","line":50,"loc":{"start":{"line":50,"column":4},"end":{"line":52,"column":4}}},"12":{"name":"rpow","line":54,"loc":{"start":{"line":54,"column":4},"end":{"line":64,"column":4}}}},"statementMap":{"1":{"start":{"line":8,"column":8},"end":{"line":8,"column":32}},"2":{"start":{"line":12,"column":8},"end":{"line":12,"column":32}},"3":{"start":{"line":16,"column":8},"end":{"line":16,"column":46}},"4":{"start":{"line":20,"column":8},"end":{"line":20,"column":29}},"5":{"start":{"line":24,"column":8},"end":{"line":24,"column":29}},"6":{"start":{"line":28,"column":8},"end":{"line":28,"column":29}},"7":{"start":{"line":32,"column":8},"end":{"line":32,"column":29}},"8":{"start":{"line":39,"column":8},"end":{"line":39,"column":40}},"9":{"start":{"line":43,"column":8},"end":{"line":43,"column":40}},"10":{"start":{"line":47,"column":8},"end":{"line":47,"column":38}},"11":{"start":{"line":51,"column":8},"end":{"line":51,"column":38}},"12":{"start":{"line":55,"column":8},"end":{"line":55,"column":31}},"13":{"start":{"line":57,"column":8},"end":{"line":57,"column":1619}},"14":{"start":{"line":58,"column":12},"end":{"line":58,"column":25}},"15":{"start":{"line":60,"column":12},"end":{"line":60,"column":1698}},"16":{"start":{"line":61,"column":16},"end":{"line":61,"column":29}}},"branchMap":{"1":{"line":8,"type":"if","locations":[{"start":{"line":8,"column":8},"end":{"line":8,"column":8}},{"start":{"line":8,"column":8},"end":{"line":8,"column":8}}]},"2":{"line":12,"type":"if","locations":[{"start":{"line":12,"column":8},"end":{"line":12,"column":8}},{"start":{"line":12,"column":8},"end":{"line":12,"column":8}}]},"3":{"line":16,"type":"if","locations":[{"start":{"line":16,"column":8},"end":{"line":16,"column":8}},{"start":{"line":16,"column":8},"end":{"line":16,"column":8}}]},"4":{"line":60,"type":"if","locations":[{"start":{"line":60,"column":12},"end":{"line":60,"column":12}},{"start":{"line":60,"column":12},"end":{"line":60,"column":12}}]}}}}