TN:
SF:C:\Users\aleks\Documents\Coding\Blockchain\decenter-solidity-challenge\contracts\CDPView.sol
FN:51,constructor
FN:61,getCdpInfo
FN:100,_getProxyOwner
FN:111,getCdpManager
FN:119,getVat
FNF:5
FNH:5
FNDA:3,constructor
FNDA:1,getCdpInfo
FNDA:1,_getProxyOwner
FNDA:1,getCdpManager
FNDA:1,getVat
DA:52,3
DA:53,3
DA:65,1
DA:66,1
DA:67,1
DA:70,1
DA:71,1
DA:72,1
DA:76,1
DA:79,1
DA:80,1
DA:83,1
DA:92,1
DA:103,1
DA:104,1
DA:112,1
DA:120,1
LF:17
LH:17
BRF:0
BRH:0
end_of_record
TN:
SF:C:\Users\aleks\Documents\Coding\Blockchain\decenter-solidity-challenge\contracts\DSMath.sol
FN:7,add
FN:11,sub
FN:15,mul
FN:19,min
FN:23,max
FN:27,imin
FN:31,imax
FN:38,wmul
FN:42,rmul
FN:46,wdiv
FN:50,rdiv
FN:54,rpow
FNF:12
FNH:3
FNDA:1,add
FNDA:0,sub
FNDA:1,mul
FNDA:0,min
FNDA:0,max
FNDA:0,imin
FNDA:0,imax
FNDA:0,wmul
FNDA:1,rmul
FNDA:0,wdiv
FNDA:0,rdiv
FNDA:0,rpow
DA:8,1
DA:12,0
DA:16,1
DA:20,0
DA:24,0
DA:28,0
DA:32,0
DA:39,0
DA:43,1
DA:47,0
DA:51,0
DA:55,0
DA:57,0
DA:58,0
DA:60,0
DA:61,0
LF:16
LH:3
BRDA:8,1,0,1
BRDA:8,1,1,0
BRDA:12,2,0,0
BRDA:12,2,1,0
BRDA:16,3,0,1
BRDA:16,3,1,0
BRDA:60,4,0,0
BRDA:60,4,1,0
BRF:8
BRH:2
end_of_record
